#
# There is insufficient memory for the Java Runtime Environment to continue.
# Native memory allocation (mmap) failed to map 507510784 bytes. Error detail: G1 virtual space
# Possible reasons:
#   The system is out of physical RAM or swap space
#   This process is running with CompressedOops enabled, and the Java Heap may be blocking the growth of the native heap
# Possible solutions:
#   Reduce memory load on the system
#   Increase physical memory or swap space
#   Check if swap backing store is full
#   Decrease Java heap size (-Xmx/-Xms)
#   Decrease number of Java threads
#   Decrease Java thread stack sizes (-Xss)
#   Set larger code cache with -XX:ReservedCodeCacheSize=
#   JVM is running with Zero Based Compressed Oops mode in which the Java heap is
#     placed in the first 32GB address space. The Java Heap base address is the
#     maximum limit for the native heap growth. Please use -XX:HeapBaseMinAddress
#     to set the Java Heap base and to place the Java Heap above 32GB virtual address.
# This output file may be truncated or incomplete.
#
#  Out of Memory Error (os_windows.cpp:3898), pid=31080, tid=8752
#
# JRE version:  (21.0.6) (build )
# Java VM: OpenJDK 64-Bit Server VM (21.0.6+-13391695-b895.109, mixed mode, sharing, tiered, compressed oops, compressed class ptrs, g1 gc, windows-amd64)
# No core dump will be written. Minidumps are not enabled by default on client versions of Windows
#

---------------  S U M M A R Y ------------

Command Line: git4idea.http.GitAskPassApp Username for 'https://github.com': 

Host: 11th Gen Intel(R) Core(TM) i7-11700 @ 2.50GHz, 16 cores, 30G,  Windows 10 , 64 bit Build 19041 (10.0.19041.5915)
Time: Wed Aug 20 17:34:49 2025 Hora de Verão de GMT elapsed time: 0.005726 seconds (0d 0h 0m 0s)

---------------  T H R E A D  ---------------

Current thread (0x0000020dcff9b460):  JavaThread "Unknown thread" [_thread_in_vm, id=8752, stack(0x0000005ed1d00000,0x0000005ed1e00000) (1024K)]

Stack: [0x0000005ed1d00000,0x0000005ed1e00000]
Native frames: (J=compiled Java code, j=interpreted, Vv=VM code, C=native code)
V  [jvm.dll+0x6d0639]
V  [jvm.dll+0x85eb03]
V  [jvm.dll+0x86105e]
V  [jvm.dll+0x861743]
V  [jvm.dll+0x27e6e6]
V  [jvm.dll+0x6ccfd5]
V  [jvm.dll+0x6c0a8a]
V  [jvm.dll+0x35537b]
V  [jvm.dll+0x35cfd6]
V  [jvm.dll+0x3aef86]
V  [jvm.dll+0x3af258]
V  [jvm.dll+0x327a2c]
V  [jvm.dll+0x32871b]
V  [jvm.dll+0x826549]
V  [jvm.dll+0x3bc158]
V  [jvm.dll+0x80f7f8]
V  [jvm.dll+0x45035e]
V  [jvm.dll+0x451ac1]
C  [jli.dll+0x52ab]
C  [ucrtbase.dll+0x21bb2]
C  [KERNEL32.DLL+0x17374]
C  [ntdll.dll+0x4cc91]


---------------  P R O C E S S  ---------------

Threads class SMR info:
_java_thread_list=0x00007fff28931848, length=0, elements={
}

Java Threads: ( => current thread )
Total: 0

Other Threads:
  0x0000020dd2440810 WorkerThread "GC Thread#0"                     [id=12216, stack(0x0000005ed1e00000,0x0000005ed1f00000) (1024K)]
  0x0000020dd2450aa0 ConcurrentGCThread "G1 Main Marker"            [id=5156, stack(0x0000005ed1f00000,0x0000005ed2000000) (1024K)]
  0x0000020dd2451d40 WorkerThread "G1 Conc#0"                       [id=17912, stack(0x0000005ed2000000,0x0000005ed2100000) (1024K)]

[error occurred during error reporting (printing all threads), id 0xc0000005, EXCEPTION_ACCESS_VIOLATION (0xc0000005) at pc=0x00007fff2812aa87]
VM state: not at safepoint (not fully initialized)

VM Mutex/Monitor currently owned by a thread:  ([mutex/lock_event])
[0x00007fff2899e4a0] Heap_lock - owner thread: 0x0000020dcff9b460

Heap address: 0x000000061d800000, size: 7720 MB, Compressed Oops mode: Zero based, Oop shift amount: 3

CDS archive(s) mapped at: [0x0000000000000000-0x0000000000000000-0x0000000000000000), size 0, SharedBaseAddress: 0x0000000800000000, ArchiveRelocationMode: 1.
Narrow klass base: 0x0000000000000000, Narrow klass shift: 0, Narrow klass range: 0x0

GC Precious Log:
 CardTable entry size: 512
 Card Set container configuration: InlinePtr #cards 4 size 8 Array Of Cards #cards 32 size 80 Howl #buckets 8 coarsen threshold 7372 Howl Bitmap #cards 1024 size 144 coarsen threshold 921 Card regions per heap region 1 cards per card region 8192

Heap:
 garbage-first heap   total 0K, used 0K [0x000000061d800000, 0x0000000800000000)
  region size 4096K, 0 young (0K), 0 survivors (0K)
 Metaspace       used 0K, committed 0K, reserved 0K
  class space    used 0K, committed 0K, reserved 0K

Heap Regions: E=young(eden), S=young(survivor), O=old, HS=humongous(starts), HC=humongous(continues), CS=collection set, F=free, TAMS=top-at-mark-start, PB=parsable bottom

Card table byte_map: [0x0000020de5c90000,0x0000020de6bb0000] _byte_map_base: 0x0000020de2ba4000

Marking Bits: (CMBitMap*) 0x0000020dd2440f10
 Bits: [0x0000020de6bb0000, 0x0000020dee450000)

GC Heap History (0 events):
No events

Dll operation events (1 events):
Event: 0.003 Loaded shared library C:\Program Files\Android\Android Studio1\jbr\bin\java.dll

Deoptimization events (0 events):
No events

Classes loaded (0 events):
No events

Classes unloaded (0 events):
No events

Classes redefined (0 events):
No events

Internal exceptions (0 events):
No events

ZGC Phase Switch (0 events):
No events

VM Operations (0 events):
No events

Memory protections (0 events):
No events

Nmethod flushes (0 events):
No events

Events (0 events):
No events


Dynamic libraries:
0x00007ff7ff890000 - 0x00007ff7ff89a000 	C:\Program Files\Android\Android Studio1\jbr\bin\java.exe
0x00007fff996f0000 - 0x00007fff998e8000 	C:\Windows\SYSTEM32\ntdll.dll
0x00007fff979f0000 - 0x00007fff97ab2000 	C:\Windows\System32\KERNEL32.DLL
0x00007fff973e0000 - 0x00007fff976d7000 	C:\Windows\System32\KERNELBASE.dll
0x00007fff93df0000 - 0x00007fff93e84000 	C:\Windows\SYSTEM32\apphelp.dll
0x00007fff96d50000 - 0x00007fff96e50000 	C:\Windows\System32\ucrtbase.dll
0x00007fff64970000 - 0x00007fff64988000 	C:\Program Files\Android\Android Studio1\jbr\bin\jli.dll
0x00007fff6ebf0000 - 0x00007fff6ec0b000 	C:\Program Files\Android\Android Studio1\jbr\bin\VCRUNTIME140.dll
0x00007fff8ba90000 - 0x00007fff8bd2a000 	C:\Windows\WinSxS\amd64_microsoft.windows.common-controls_6595b64144ccf1df_6.0.19041.5915_none_60b4b9d171f9c7c7\COMCTL32.dll
0x00007fff977f0000 - 0x00007fff9788e000 	C:\Windows\System32\msvcrt.dll
0x00007fff99210000 - 0x00007fff993ad000 	C:\Windows\System32\USER32.dll
0x00007fff973b0000 - 0x00007fff973d2000 	C:\Windows\System32\win32u.dll
0x00007fff97940000 - 0x00007fff9796b000 	C:\Windows\System32\GDI32.dll
0x00007fff970a0000 - 0x00007fff971b9000 	C:\Windows\System32\gdi32full.dll
0x00007fff96fb0000 - 0x00007fff9704d000 	C:\Windows\System32\msvcp_win.dll
0x00007fff989a0000 - 0x00007fff989cf000 	C:\Windows\System32\IMM32.DLL
0x00007fff726b0000 - 0x00007fff726bc000 	C:\Program Files\Android\Android Studio1\jbr\bin\vcruntime140_1.dll
0x00007fff27a60000 - 0x00007fff27aed000 	C:\Program Files\Android\Android Studio1\jbr\bin\msvcp140.dll
0x00007fff27df0000 - 0x00007fff28a7b000 	C:\Program Files\Android\Android Studio1\jbr\bin\server\jvm.dll
0x00007fff99560000 - 0x00007fff99611000 	C:\Windows\System32\ADVAPI32.dll
0x00007fff99170000 - 0x00007fff9920f000 	C:\Windows\System32\sechost.dll
0x00007fff98a40000 - 0x00007fff98b66000 	C:\Windows\System32\RPCRT4.dll
0x00007fff97270000 - 0x00007fff97297000 	C:\Windows\System32\bcrypt.dll
0x00007fff989d0000 - 0x00007fff98a3b000 	C:\Windows\System32\WS2_32.dll
0x00007fff96290000 - 0x00007fff962db000 	C:\Windows\SYSTEM32\POWRPROF.dll
0x00007fff91700000 - 0x00007fff9170a000 	C:\Windows\SYSTEM32\VERSION.dll
0x00007fff8cd30000 - 0x00007fff8cd57000 	C:\Windows\SYSTEM32\WINMM.dll
0x00007fff96150000 - 0x00007fff96162000 	C:\Windows\SYSTEM32\UMPDC.dll
0x00007fff94bf0000 - 0x00007fff94c02000 	C:\Windows\SYSTEM32\kernel.appcore.dll
0x00007fff70590000 - 0x00007fff7059a000 	C:\Program Files\Android\Android Studio1\jbr\bin\jimage.dll
0x00007fff8c3d0000 - 0x00007fff8c5d1000 	C:\Windows\SYSTEM32\DBGHELP.DLL
0x00007fff7b710000 - 0x00007fff7b744000 	C:\Windows\SYSTEM32\dbgcore.DLL
0x00007fff97320000 - 0x00007fff973a2000 	C:\Windows\System32\bcryptPrimitives.dll
0x00007fff6d900000 - 0x00007fff6d920000 	C:\Program Files\Android\Android Studio1\jbr\bin\java.dll

dbghelp: loaded successfully - version: 4.0.5 - missing functions: none
symbol engine: initialized successfully - sym options: 0x614 - pdb path: .;C:\Program Files\Android\Android Studio1\jbr\bin;C:\Windows\SYSTEM32;C:\Windows\WinSxS\amd64_microsoft.windows.common-controls_6595b64144ccf1df_6.0.19041.5915_none_60b4b9d171f9c7c7;C:\Program Files\Android\Android Studio1\jbr\bin\server

VM Arguments:
java_command: git4idea.http.GitAskPassApp Username for 'https://github.com': 
java_class_path (initial): C:/Program Files/Android/Android Studio1/plugins/vcs-git/lib/git4idea-rt.jar;C:/Program Files/Android/Android Studio1/lib/externalProcess-rt.jar
Launcher Type: SUN_STANDARD

[Global flags]
     intx CICompilerCount                          = 12                                        {product} {ergonomic}
     uint ConcGCThreads                            = 3                                         {product} {ergonomic}
     uint G1ConcRefinementThreads                  = 13                                        {product} {ergonomic}
   size_t G1HeapRegionSize                         = 4194304                                   {product} {ergonomic}
    uintx GCDrainStackTargetSize                   = 64                                        {product} {ergonomic}
   size_t InitialHeapSize                          = 507510784                                 {product} {ergonomic}
   size_t MarkStackSize                            = 4194304                                   {product} {ergonomic}
   size_t MaxHeapSize                              = 8095006720                                {product} {ergonomic}
   size_t MinHeapDeltaBytes                        = 4194304                                   {product} {ergonomic}
   size_t MinHeapSize                              = 8388608                                   {product} {ergonomic}
    uintx NonNMethodCodeHeapSize                   = 7602480                                {pd product} {ergonomic}
    uintx NonProfiledCodeHeapSize                  = 122027880                              {pd product} {ergonomic}
    uintx ProfiledCodeHeapSize                     = 122027880                              {pd product} {ergonomic}
    uintx ReservedCodeCacheSize                    = 251658240                              {pd product} {ergonomic}
     bool SegmentedCodeCache                       = true                                      {product} {ergonomic}
   size_t SoftMaxHeapSize                          = 8095006720                             {manageable} {ergonomic}
     bool UseCompressedOops                        = true                           {product lp64_product} {ergonomic}
     bool UseG1GC                                  = true                                      {product} {ergonomic}
     bool UseLargePagesIndividualAllocation        = false                                  {pd product} {ergonomic}

Logging:
Log output configuration:
 #0: stdout all=warning uptime,level,tags foldmultilines=false
 #1: stderr all=off uptime,level,tags foldmultilines=false

Environment Variables:
PATH=C:/Program Files/Git/mingw64/libexec/git-core;C:/Program Files/Git/mingw64/libexec/git-core;C:\Program Files\Git\mingw64\bin;C:\Program Files\Git\usr\bin;C:\Users\sergi\bin;C:\Program Files\Common Files\Oracle\Java\javapath;C:\Windows\system32;C:\Windows;C:\Windows\System32\Wbem;C:\Windows\System32\WindowsPowerShell\v1.0\;C:\Windows\System32\OpenSSH\;C:\Program Files\dotnet\;C:\Program Files\Git\cmd;C:\Program Files\NVIDIA Corporation\NVIDIA App\NvDLISR;C:\Program Files (x86)\NVIDIA Corporation\PhysX\Common;C:\Users\sergi\AppData\Local\Microsoft\WindowsApps;C:\Users\sergi\AppData\Local\GitHubDesktop\bin
USERNAME=sergi
DISPLAY=:0.0
LC_ALL=en_US.UTF-8
TERM=xterm-256color
TMPDIR=C:\Users\sergi\AppData\Local\Temp
OS=Windows_NT
PROCESSOR_IDENTIFIER=Intel64 Family 6 Model 167 Stepping 1, GenuineIntel
TMP=C:\Users\sergi\AppData\Local\Temp
TEMP=C:\Users\sergi\AppData\Local\Temp




Periodic native trim disabled

JNI global refs:
JNI global refs: 0, weak refs: 0

JNI global refs memory usage: 0, weak refs: 0

Process memory usage:
Resident Set Size: 11940K (0% of 31614524K total physical memory with 6281288K free physical memory)

OOME stack traces (most recent first):
Classloader memory used:

---------------  S Y S T E M  ---------------

OS:
 Windows 10 , 64 bit Build 19041 (10.0.19041.5915)
OS uptime: 0 days 2:18 hours

CPU: total 16 (initial active 16) (8 cores per cpu, 2 threads per core) family 6 model 167 stepping 1 microcode 0x3c, cx8, cmov, fxsr, ht, mmx, 3dnowpref, sse, sse2, sse3, ssse3, sse4.1, sse4.2, popcnt, lzcnt, tsc, tscinvbit, avx, avx2, aes, erms, clmul, bmi1, bmi2, adx, avx512f, avx512dq, avx512cd, avx512bw, avx512vl, sha, fma, vzeroupper, avx512_vpopcntdq, avx512_vpclmulqdq, avx512_vaes, avx512_vnni, clflush, clflushopt, avx512_vbmi2, avx512_vbmi, rdtscp, rdpid, fsrm, gfni, avx512_bitalg, f16c, pku, avx512_ifma
Processor Information for the first 16 processors :
  Max Mhz: 2496, Current Mhz: 2496, Mhz Limit: 2496

Memory: 4k page, system-wide physical 30873M (6133M free)
TotalPageFile size 32872M (AvailPageFile size 416M)
current process WorkingSet (physical memory assigned to process): 11M, peak: 11M
current process commit charge ("private bytes"): 70M, peak: 554M

vm_info: OpenJDK 64-Bit Server VM (21.0.6+-13391695-b895.109) for windows-amd64 JRE (21.0.6+-13391695-b895.109), built on 2025-04-22T21:19:17Z by "builder" with MS VC++ 16.10 / 16.11 (VS2019)

END.
