#
# There is insufficient memory for the Java Runtime Environment to continue.
# Native memory allocation (malloc) failed to allocate 1048576 bytes. Error detail: AllocateHeap
# Possible reasons:
#   The system is out of physical RAM or swap space
#   This process is running with CompressedOops enabled, and the Java Heap may be blocking the growth of the native heap
# Possible solutions:
#   Reduce memory load on the system
#   Increase physical memory or swap space
#   Check if swap backing store is full
#   Decrease Java heap size (-Xmx/-Xms)
#   Decrease number of Java threads
#   Decrease Java thread stack sizes (-Xss)
#   Set larger code cache with -XX:ReservedCodeCacheSize=
#   JVM is running with Unscaled Compressed Oops mode in which the Java heap is
#     placed in the first 4GB address space. The Java Heap base address is the
#     maximum limit for the native heap growth. Please use -XX:HeapBaseMinAddress
#     to set the Java Heap base and to place the Java Heap above 4GB virtual address.
# This output file may be truncated or incomplete.
#
#  Out of Memory Error (allocation.cpp:44), pid=17324, tid=13296
#
# JRE version:  (21.0.7) (build )
# Java VM: OpenJDK 64-Bit Server VM (21.0.7+-13880790-b1038.58, mixed mode, sharing, tiered, compressed oops, compressed class ptrs, g1 gc, windows-amd64)
# No core dump will be written. Minidumps are not enabled by default on client versions of Windows
#

---------------  S U M M A R Y ------------

Command Line: org.jetbrains.kotlin.cli.jvm.K2JVMCompiler @C:\Users\sergi\.Android Studio Projects\Projectos\M5_AdaptiveUiCodelab\app\build\20250908_13511577581534689209.compiler.options

Host: 11th Gen Intel(R) Core(TM) i7-11700 @ 2.50GHz, 16 cores, 30G,  Windows 10 , 64 bit Build 19041 (10.0.19041.5915)
Time: Mon Sep  8 16:17:22 2025 Hora de Verão de GMT elapsed time: 0.004053 seconds (0d 0h 0m 0s)

---------------  T H R E A D  ---------------

Current thread (0x000002347663e020):  JavaThread "Unknown thread" [_thread_in_vm, id=13296, stack(0x0000005802500000,0x0000005802600000) (1024K)]

Stack: [0x0000005802500000,0x0000005802600000]
Native frames: (J=compiled Java code, j=interpreted, Vv=VM code, C=native code)
V  [jvm.dll+0x6d25c9]
V  [jvm.dll+0x860923]
V  [jvm.dll+0x862e7e]
V  [jvm.dll+0x863563]
V  [jvm.dll+0x27f156]
V  [jvm.dll+0xba7a7]
V  [jvm.dll+0x3262f5]
V  [jvm.dll+0x82833d]
V  [jvm.dll+0x3bcce8]
V  [jvm.dll+0x811628]
V  [jvm.dll+0x45121e]
V  [jvm.dll+0x452981]
C  [jli.dll+0x52ab]
C  [ucrtbase.dll+0x21bb2]
C  [KERNEL32.DLL+0x17374]
C  [ntdll.dll+0x4cc91]


---------------  P R O C E S S  ---------------

Threads class SMR info:
_java_thread_list=0x00007ffcdd644888, length=0, elements={
}

Java Threads: ( => current thread )
Total: 0

Other Threads:

=>0x000002347663e020 (exited) JavaThread "Unknown thread"    [_thread_in_vm, id=13296, stack(0x0000005802500000,0x0000005802600000) (1024K)]
Total: 1

Threads with active compile tasks:
Total: 0

VM state: not at safepoint (not fully initialized)

VM Mutex/Monitor currently owned by a thread: None

Heap address: 0x0000000000000000, size: 0 MB, Compressed Oops mode: 32-bit

CDS archive(s) mapped at: [0x0000000000000000-0x0000000000000000-0x0000000000000000), size 0, SharedBaseAddress: 0x0000000800000000, ArchiveRelocationMode: 1.
Narrow klass base: 0x0000000000000000, Narrow klass shift: 0, Narrow klass range: 0x0

GC Precious Log:
 CardTable entry size: 512
 Card Set container configuration: InlinePtr #cards 4 size 8 Array Of Cards #cards 32 size 80 Howl #buckets 8 coarsen threshold 7372 Howl Bitmap #cards 1024 size 144 coarsen threshold 921 Card regions per heap region 1 cards per card region 8192

GC Heap History (0 events):
No events

Dll operation events (1 events):
Event: 0.003 Loaded shared library C:\Program Files\Android\Android Studio1\jbr\bin\java.dll

Deoptimization events (0 events):
No events

Classes loaded (0 events):
No events

Classes unloaded (0 events):
No events

Classes redefined (0 events):
No events

Internal exceptions (0 events):
No events

ZGC Phase Switch (0 events):
No events

VM Operations (0 events):
No events

Memory protections (0 events):
No events

Nmethod flushes (0 events):
No events

Events (0 events):
No events


Dynamic libraries:
0x00007ff685390000 - 0x00007ff68539a000 	C:\Program Files\Android\Android Studio1\jbr\bin\java.exe
0x00007ffdb5db0000 - 0x00007ffdb5fa8000 	C:\Windows\SYSTEM32\ntdll.dll
0x00007ffdb3de0000 - 0x00007ffdb3ea2000 	C:\Windows\System32\KERNEL32.DLL
0x00007ffdb3870000 - 0x00007ffdb3b67000 	C:\Windows\System32\KERNELBASE.dll
0x00007ffdb3c10000 - 0x00007ffdb3d10000 	C:\Windows\System32\ucrtbase.dll
0x00007ffd8cfe0000 - 0x00007ffd8cff8000 	C:\Program Files\Android\Android Studio1\jbr\bin\jli.dll
0x00007ffda5850000 - 0x00007ffda586b000 	C:\Program Files\Android\Android Studio1\jbr\bin\VCRUNTIME140.dll
0x00007ffdb5650000 - 0x00007ffdb57ed000 	C:\Windows\System32\USER32.dll
0x00007ffda7050000 - 0x00007ffda72ea000 	C:\Windows\WinSxS\amd64_microsoft.windows.common-controls_6595b64144ccf1df_6.0.19041.5915_none_60b4b9d171f9c7c7\COMCTL32.dll
0x00007ffdb3710000 - 0x00007ffdb3732000 	C:\Windows\System32\win32u.dll
0x00007ffdb5050000 - 0x00007ffdb50ee000 	C:\Windows\System32\msvcrt.dll
0x00007ffdb4570000 - 0x00007ffdb459b000 	C:\Windows\System32\GDI32.dll
0x00007ffdb3570000 - 0x00007ffdb3689000 	C:\Windows\System32\gdi32full.dll
0x00007ffdb3b70000 - 0x00007ffdb3c0d000 	C:\Windows\System32\msvcp_win.dll
0x00007ffdb3db0000 - 0x00007ffdb3ddf000 	C:\Windows\System32\IMM32.DLL
0x00007ffda8150000 - 0x00007ffda815c000 	C:\Program Files\Android\Android Studio1\jbr\bin\vcruntime140_1.dll
0x00007ffd6d370000 - 0x00007ffd6d3fd000 	C:\Program Files\Android\Android Studio1\jbr\bin\msvcp140.dll
0x00007ffcdcb00000 - 0x00007ffcdd78e000 	C:\Program Files\Android\Android Studio1\jbr\bin\server\jvm.dll
0x00007ffdb3eb0000 - 0x00007ffdb3f61000 	C:\Windows\System32\ADVAPI32.dll
0x00007ffdb57f0000 - 0x00007ffdb588f000 	C:\Windows\System32\sechost.dll
0x00007ffdb5470000 - 0x00007ffdb5596000 	C:\Windows\System32\RPCRT4.dll
0x00007ffdb36e0000 - 0x00007ffdb3707000 	C:\Windows\System32\bcrypt.dll
0x00007ffdb4e30000 - 0x00007ffdb4e9b000 	C:\Windows\System32\WS2_32.dll
0x00007ffdb2950000 - 0x00007ffdb299b000 	C:\Windows\SYSTEM32\POWRPROF.dll
0x00007ffda4b00000 - 0x00007ffda4b27000 	C:\Windows\SYSTEM32\WINMM.dll
0x00007ffdaaa30000 - 0x00007ffdaaa3a000 	C:\Windows\SYSTEM32\VERSION.dll
0x00007ffdb2810000 - 0x00007ffdb2822000 	C:\Windows\SYSTEM32\UMPDC.dll
0x00007ffdb12b0000 - 0x00007ffdb12c2000 	C:\Windows\SYSTEM32\kernel.appcore.dll
0x00007ffda8140000 - 0x00007ffda814a000 	C:\Program Files\Android\Android Studio1\jbr\bin\jimage.dll
0x00007ffda34e0000 - 0x00007ffda36e1000 	C:\Windows\SYSTEM32\DBGHELP.DLL
0x00007ffd9d3b0000 - 0x00007ffd9d3e4000 	C:\Windows\SYSTEM32\dbgcore.DLL
0x00007ffdb3d10000 - 0x00007ffdb3d92000 	C:\Windows\System32\bcryptPrimitives.dll
0x00007ffd9e960000 - 0x00007ffd9e980000 	C:\Program Files\Android\Android Studio1\jbr\bin\java.dll

dbghelp: loaded successfully - version: 4.0.5 - missing functions: none
symbol engine: initialized successfully - sym options: 0x614 - pdb path: .;C:\Program Files\Android\Android Studio1\jbr\bin;C:\Windows\SYSTEM32;C:\Windows\WinSxS\amd64_microsoft.windows.common-controls_6595b64144ccf1df_6.0.19041.5915_none_60b4b9d171f9c7c7;C:\Program Files\Android\Android Studio1\jbr\bin\server

VM Arguments:
java_command: org.jetbrains.kotlin.cli.jvm.K2JVMCompiler @C:\Users\sergi\.Android Studio Projects\Projectos\M5_AdaptiveUiCodelab\app\build\20250908_13511577581534689209.compiler.options
java_class_path (initial): C:\Users\sergi\.gradle\caches\modules-2\files-2.1\org.jetbrains.kotlin\kotlin-compiler-embeddable\2.1.10\ee3e5c806617c52ce167bdf96933efef9593853e\kotlin-compiler-embeddable-2.1.10.jar;C:\Users\sergi\.gradle\caches\modules-2\files-2.1\org.jetbrains.kotlin\kotlin-stdlib\2.1.10\d3028429e7151d7a7c1a0d63a4f60eac86a87b91\kotlin-stdlib-2.1.10.jar;C:\Users\sergi\.gradle\caches\modules-2\files-2.1\org.jetbrains.kotlin\kotlin-script-runtime\2.1.10\70000e6ef453308e55d42ea4ace5b8c32325ce75\kotlin-script-runtime-2.1.10.jar;C:\Users\sergi\.gradle\caches\modules-2\files-2.1\org.jetbrains.kotlin\kotlin-reflect\1.6.10\1cbe9c92c12a94eea200d23c2bbaedaf3daf5132\kotlin-reflect-1.6.10.jar;C:\Users\sergi\.gradle\caches\modules-2\files-2.1\org.jetbrains.kotlin\kotlin-daemon-embeddable\2.1.10\58b88d47cdc057f09a8ea603ece5fd1993c7cb64\kotlin-daemon-embeddable-2.1.10.jar;C:\Users\sergi\.gradle\caches\modules-2\files-2.1\org.jetbrains.intellij.deps\trove4j\1.0.20200330\3afb14d5f9ceb459d724e907a21145e8ff394f02\trove4j-1.0.20200330.jar;C:\Users\sergi\.gradle\caches\modules-2\files-2.1\org.jetbrains.kotlinx\kotlinx-coroutines-core-jvm\1.6.4\2c997cd1c0ef33f3e751d3831929aeff1390cb30\kotlinx-coroutines-core-jvm-1.6.4.jar;C:\Users\sergi\.gradle\caches\modules-2\files-2.1\org.jetbrains\annotations\13.0\919f0dfe192fb4e063e7dacadee7f8bb9a2672a9\annotations-13.0.jar
Launcher Type: SUN_STANDARD

[Global flags]
     intx CICompilerCount                          = 12                                        {product} {ergonomic}
     uint ConcGCThreads                            = 3                                         {product} {ergonomic}
     uint G1ConcRefinementThreads                  = 13                                        {product} {ergonomic}
   size_t G1HeapRegionSize                         = 4194304                                   {product} {ergonomic}
    uintx GCDrainStackTargetSize                   = 64                                        {product} {ergonomic}
   size_t InitialHeapSize                          = 507510784                                 {product} {ergonomic}
   size_t MarkStackSize                            = 4194304                                   {product} {ergonomic}
   size_t MaxHeapSize                              = 8095006720                                {product} {ergonomic}
   size_t MinHeapDeltaBytes                        = 4194304                                   {product} {ergonomic}
   size_t MinHeapSize                              = 8388608                                   {product} {ergonomic}
    uintx NonNMethodCodeHeapSize                   = 7602480                                {pd product} {ergonomic}
    uintx NonProfiledCodeHeapSize                  = 122027880                              {pd product} {ergonomic}
    uintx ProfiledCodeHeapSize                     = 122027880                              {pd product} {ergonomic}
    uintx ReservedCodeCacheSize                    = 251658240                              {pd product} {ergonomic}
     bool SegmentedCodeCache                       = true                                      {product} {ergonomic}
   size_t SoftMaxHeapSize                          = 8095006720                             {manageable} {ergonomic}
     bool UseCompressedOops                        = true                           {product lp64_product} {ergonomic}
     bool UseG1GC                                  = true                                      {product} {ergonomic}
     bool UseLargePagesIndividualAllocation        = false                                  {pd product} {ergonomic}

Logging:
Log output configuration:
 #0: stdout all=warning uptime,level,tags foldmultilines=false
 #1: stderr all=off uptime,level,tags foldmultilines=false

Environment Variables:
PATH=C:\Program Files\Common Files\Oracle\Java\javapath;C:\Windows\system32;C:\Windows;C:\Windows\System32\Wbem;C:\Windows\System32\WindowsPowerShell\v1.0\;C:\Windows\System32\OpenSSH\;C:\Program Files\dotnet\;C:\Program Files\NVIDIA Corporation\NVIDIA App\NvDLISR;C:\Program Files (x86)\NVIDIA Corporation\PhysX\Common;C:\Program Files\Git\cmd;C:\Users\sergi\AppData\Local\Microsoft\WindowsApps;C:\Users\sergi\AppData\Local\GitHubDesktop\bin
USERNAME=sergi
OS=Windows_NT
PROCESSOR_IDENTIFIER=Intel64 Family 6 Model 167 Stepping 1, GenuineIntel
TMP=C:\Users\sergi\AppData\Local\Temp
TEMP=C:\Users\sergi\AppData\Local\Temp




Periodic native trim disabled

JNI global refs:
JNI global refs: 0, weak refs: 0

JNI global refs memory usage: 0, weak refs: 0

Process memory usage:
Resident Set Size: 10724K (0% of 31614524K total physical memory with 5185472K free physical memory)

OOME stack traces (most recent first):
Classloader memory used:

---------------  S Y S T E M  ---------------

OS:
 Windows 10 , 64 bit Build 19041 (10.0.19041.5915)
OS uptime: 0 days 1:13 hours

CPU: total 16 (initial active 16) (8 cores per cpu, 2 threads per core) family 6 model 167 stepping 1 microcode 0x3c, cx8, cmov, fxsr, ht, mmx, 3dnowpref, sse, sse2, sse3, ssse3, sse4.1, sse4.2, popcnt, lzcnt, tsc, tscinvbit, avx, avx2, aes, erms, clmul, bmi1, bmi2, adx, avx512f, avx512dq, avx512cd, avx512bw, avx512vl, sha, fma, vzeroupper, avx512_vpopcntdq, avx512_vpclmulqdq, avx512_vaes, avx512_vnni, clflush, clflushopt, avx512_vbmi2, avx512_vbmi, rdtscp, rdpid, fsrm, gfni, avx512_bitalg, f16c, pku, avx512_ifma
Processor Information for the first 16 processors :
  Max Mhz: 2496, Current Mhz: 2496, Mhz Limit: 2496

Memory: 4k page, system-wide physical 30873M (5063M free)
TotalPageFile size 32931M (AvailPageFile size 5M)
current process WorkingSet (physical memory assigned to process): 10M, peak: 10M
current process commit charge ("private bytes"): 20M, peak: 20M

vm_info: OpenJDK 64-Bit Server VM (21.0.7+-13880790-b1038.58) for windows-amd64 JRE (21.0.7+-13880790-b1038.58), built on 2025-08-04T20:56:21Z by "builder" with MS VC++ 16.10 / 16.11 (VS2019)

END.
